16:06:55.747 [main] DEBUG org.apache.poi.openxml4j.opc.PackageRelationshipCollection - Parsing relationship: /xl/_rels/workbook.xml.rels
16:06:55.765 [main] DEBUG org.apache.poi.openxml4j.opc.PackageRelationshipCollection - Parsing relationship: /_rels/.rels
16:06:55.800 [main] DEBUG org.apache.poi.openxml4j.opc.PackageRelationshipCollection - Parsing relationship: /xl/_rels/workbook.xml.rels
16:06:55.803 [main] DEBUG org.apache.poi.openxml4j.opc.PackageRelationshipCollection - Parsing relationship: /_rels/.rels
16:06:55.845 [main] DEBUG org.apache.poi.openxml4j.opc.PackageRelationshipCollection - Parsing relationship: /xl/_rels/workbook.xml.rels
16:06:55.847 [main] DEBUG org.apache.poi.openxml4j.opc.PackageRelationshipCollection - Parsing relationship: /_rels/.rels
16:06:55.887 [main] DEBUG org.apache.poi.openxml4j.opc.PackageRelationshipCollection - Parsing relationship: /xl/_rels/workbook.xml.rels
16:06:55.889 [main] DEBUG org.apache.poi.openxml4j.opc.PackageRelationshipCollection - Parsing relationship: /_rels/.rels
16:06:55.928 [main] DEBUG org.apache.poi.openxml4j.opc.PackageRelationshipCollection - Parsing relationship: /xl/_rels/workbook.xml.rels
16:06:55.932 [main] DEBUG org.apache.poi.openxml4j.opc.PackageRelationshipCollection - Parsing relationship: /_rels/.rels
16:07:03.107 [main] DEBUG org.apache.poi.openxml4j.opc.PackageRelationshipCollection - Parsing relationship: /xl/_rels/workbook.xml.rels
16:07:03.108 [main] DEBUG org.apache.poi.openxml4j.opc.PackageRelationshipCollection - Parsing relationship: /_rels/.rels
16:07:03.122 [main] DEBUG org.apache.poi.openxml4j.opc.PackageRelationshipCollection - Parsing relationship: /xl/_rels/workbook.xml.rels
16:07:03.123 [main] DEBUG org.apache.poi.openxml4j.opc.PackageRelationshipCollection - Parsing relationship: /_rels/.rels
16:07:03.135 [main] DEBUG org.apache.poi.openxml4j.opc.PackageRelationshipCollection - Parsing relationship: /xl/_rels/workbook.xml.rels
16:07:03.135 [main] DEBUG org.apache.poi.openxml4j.opc.PackageRelationshipCollection - Parsing relationship: /_rels/.rels
16:07:03.155 [main] DEBUG org.apache.poi.openxml4j.opc.PackageRelationshipCollection - Parsing relationship: /xl/_rels/workbook.xml.rels
16:07:03.156 [main] DEBUG org.apache.poi.openxml4j.opc.PackageRelationshipCollection - Parsing relationship: /_rels/.rels
16:07:03.189 [main] DEBUG org.apache.poi.openxml4j.opc.PackageRelationshipCollection - Parsing relationship: /xl/_rels/workbook.xml.rels
16:07:03.190 [main] DEBUG org.apache.poi.openxml4j.opc.PackageRelationshipCollection - Parsing relationship: /_rels/.rels
16:15:43.298 [main] INFO  api.tests.UserTests2 - ********** Creating the User ***********
16:15:49.946 [main] INFO  api.tests.UserTests2 - ********** User is created ***********
16:15:49.947 [main] DEBUG api.tests.UserTests2 - *********** Debugging the code ***********
16:15:49.979 [main] INFO  api.tests.UserTests2 - ********** Reading the User ***********
16:15:51.451 [main] INFO  api.tests.UserTests2 - ********** Updating the User ***********
16:15:52.863 [main] INFO  api.tests.UserTests2 - ********** User is updated successfully ***********
16:15:52.864 [main] INFO  api.tests.UserTests2 - ********** Reading the Updated User ***********
16:15:54.253 [main] INFO  api.tests.UserTests2 - ********** Deleting the User ***********
16:15:55.906 [main] INFO  api.tests.UserTests2 - ********** Deleted the User Successfully ***********
16:16:26.937 [main] INFO  api.tests.UserTests2 - ********** Creating the User ***********
16:16:32.690 [main] INFO  api.tests.UserTests2 - ********** User is created ***********
16:16:32.690 [main] DEBUG api.tests.UserTests2 - *********** Debugging the code ***********
16:16:32.711 [main] INFO  api.tests.UserTests2 - ********** Reading the User ***********
16:16:34.399 [main] INFO  api.tests.UserTests2 - ********** User Info is readed successfully ***********
16:16:34.401 [main] INFO  api.tests.UserTests2 - ********** Updating the User ***********
16:16:35.804 [main] INFO  api.tests.UserTests2 - ********** User is updated successfully ***********
16:16:35.805 [main] INFO  api.tests.UserTests2 - ********** Reading the Updated User ***********
16:16:37.254 [main] INFO  api.tests.UserTests2 - ********** Deleting the User ***********
16:16:38.653 [main] INFO  api.tests.UserTests2 - ********** Deleted the User Successfully ***********
16:17:41.299 [main] INFO  api.tests.UserTests2 - ********** Creating the User ***********
16:17:47.213 [main] INFO  api.tests.UserTests2 - ********** User is created ***********
16:17:47.213 [main] DEBUG api.tests.UserTests2 - *********** Debugging the code ***********
16:17:47.233 [main] INFO  api.tests.UserTests2 - ********** Reading the User ***********
16:17:49.057 [main] INFO  api.tests.UserTests2 - ********** User Info is readed successfully ***********
16:17:49.060 [main] INFO  api.tests.UserTests2 - ********** Updating the User ***********
16:17:50.461 [main] INFO  api.tests.UserTests2 - ********** User is updated successfully ***********
16:17:50.462 [main] INFO  api.tests.UserTests2 - ********** Reading the Updated User ***********
16:17:51.846 [main] INFO  api.tests.UserTests2 - ********** Deleting the User ***********
16:17:53.211 [main] INFO  api.tests.UserTests2 - ********** Deleted the User Successfully ***********
